{"level":"info","message":"LoginService called: { email: 'abel@example.com' }","timestamp":"2025-10-02T13:02:09.633Z"}
{"level":"info","message":"✅ MySQL connected","timestamp":"2025-10-02T13:02:44.855Z"}
{"level":"info","message":"🚀 Server running on http://localhost:8080","timestamp":"2025-10-02T13:02:44.862Z"}
{"level":"info","message":"✅ MySQL connected","timestamp":"2025-10-02T13:02:47.879Z"}
{"level":"info","message":"🚀 Server running on http://localhost:8080","timestamp":"2025-10-02T13:02:47.881Z"}
{"level":"info","message":"LoginService called: { email: 'abel@example.com' }","timestamp":"2025-10-02T13:07:19.689Z"}
{"level":"info","message":"✅ MySQL connected","timestamp":"2025-10-02T13:07:48.581Z"}
{"level":"info","message":"🚀 Server running on http://localhost:8080","timestamp":"2025-10-02T13:07:48.584Z"}
{"level":"info","message":"LoginService called: { email: 'abel@example' }","timestamp":"2025-10-02T13:08:21.399Z"}
{"level":"warn","message":"Login failed: user not found for email abel@example","timestamp":"2025-10-02T13:08:21.407Z"}
{"level":"error","message":"user login error: Error: Invalid email or password\n    at login (file:///Users/abdisa.wake/Documents/NodeSchool/ums-etc/src/services/auth.service.js:14:15)\n    at process.processTicksAndRejections (node:internal/process/task_queues:105:5)\n    at async login (file:///Users/abdisa.wake/Documents/NodeSchool/ums-etc/src/controlles/auth.controller.js:44:20) {\n  [stack]: [Getter/Setter],\n  [message]: 'Invalid email or password'\n}","timestamp":"2025-10-02T13:08:21.407Z"}
{"level":"info","message":"LoginService called: { email: 'abel@example' }","timestamp":"2025-10-02T13:09:01.281Z"}
{"level":"warn","message":"Login failed: user not found for email abel@example","timestamp":"2025-10-02T13:09:01.286Z"}
{"level":"error","message":"user login error: Error: Invalid email or password\n    at login (file:///Users/abdisa.wake/Documents/NodeSchool/ums-etc/src/services/auth.service.js:14:15)\n    at process.processTicksAndRejections (node:internal/process/task_queues:105:5)\n    at async login (file:///Users/abdisa.wake/Documents/NodeSchool/ums-etc/src/controlles/auth.controller.js:44:20) {\n  [stack]: [Getter/Setter],\n  [message]: 'Invalid email or password'\n}","timestamp":"2025-10-02T13:09:01.287Z"}
{"level":"info","message":"LoginService called: { email: 'abel@example' }","timestamp":"2025-10-02T13:09:29.183Z"}
{"level":"warn","message":"Login failed: user not found for email abel@example","timestamp":"2025-10-02T13:09:29.190Z"}
{"level":"error","message":"user login error: Error: Invalid email or password\n    at login (file:///Users/abdisa.wake/Documents/NodeSchool/ums-etc/src/services/auth.service.js:14:15)\n    at process.processTicksAndRejections (node:internal/process/task_queues:105:5)\n    at async login (file:///Users/abdisa.wake/Documents/NodeSchool/ums-etc/src/controlles/auth.controller.js:44:20) {\n  [stack]: [Getter/Setter],\n  [message]: 'Invalid email or password'\n}","timestamp":"2025-10-02T13:09:29.190Z"}
{"level":"info","message":"LoginService called: { email: 'abel@example' }","timestamp":"2025-10-02T13:12:31.029Z"}
{"level":"warn","message":"Login failed: user not found for email abel@example","timestamp":"2025-10-02T13:12:31.037Z"}
{"level":"error","message":"user login error: Error: Invalid email or password\n    at login (file:///Users/abdisa.wake/Documents/NodeSchool/ums-etc/src/services/auth.service.js:14:15)\n    at process.processTicksAndRejections (node:internal/process/task_queues:105:5)\n    at async login (file:///Users/abdisa.wake/Documents/NodeSchool/ums-etc/src/controlles/auth.controller.js:44:20) {\n  [stack]: [Getter/Setter],\n  [message]: 'Invalid email or password'\n}","timestamp":"2025-10-02T13:12:31.037Z"}
{"level":"info","message":"LoginService called: { email: 'abel@example.com' }","timestamp":"2025-10-02T13:12:39.230Z"}
{"level":"info","message":"✅ MySQL connected","timestamp":"2025-10-02T13:12:57.452Z"}
{"level":"info","message":"🚀 Server running on http://localhost:8080","timestamp":"2025-10-02T13:12:57.459Z"}
{"level":"info","message":"✅ MySQL connected","timestamp":"2025-10-02T13:12:58.977Z"}
{"level":"info","message":"🚀 Server running on http://localhost:8080","timestamp":"2025-10-02T13:12:58.980Z"}
{"level":"info","message":"✅ MySQL connected","timestamp":"2025-10-02T13:13:03.530Z"}
{"level":"info","message":"🚀 Server running on http://localhost:8080","timestamp":"2025-10-02T13:13:03.533Z"}
{"level":"info","message":"✅ MySQL connected","timestamp":"2025-10-02T13:13:53.622Z"}
{"level":"info","message":"🚀 Server running on http://localhost:8080","timestamp":"2025-10-02T13:13:53.625Z"}
{"level":"info","message":"✅ MySQL connected","timestamp":"2025-10-02T13:14:14.167Z"}
{"level":"info","message":"🚀 Server running on http://localhost:8080","timestamp":"2025-10-02T13:14:14.173Z"}
{"level":"info","message":"log in request body: { email: 'abel@example.com', password: '123' } ","timestamp":"2025-10-02T13:14:20.294Z"}
{"level":"info","message":"LoginService called: { email: 'abel@example.com' }","timestamp":"2025-10-02T13:14:20.295Z"}
{"level":"info","message":"User login successfully: { name: 'abel' }","timestamp":"2025-10-02T13:14:20.364Z"}
{"level":"info","message":"log in request body: { email: 'abel@example.com', password: '123' } ","timestamp":"2025-10-02T13:15:14.399Z"}
{"level":"info","message":"LoginService called: { email: 'abel@example.com' }","timestamp":"2025-10-02T13:15:14.399Z"}
{"level":"info","message":"User login successfully: { name: 'abel' }","timestamp":"2025-10-02T13:15:14.467Z"}
{"level":"info","message":"✅ MySQL connected","timestamp":"2025-10-02T13:15:30.796Z"}
{"level":"info","message":"🚀 Server running on http://localhost:8080","timestamp":"2025-10-02T13:15:30.800Z"}
{"level":"info","message":"log in request body: { email: 'abel@example.com', password: '123' } ","timestamp":"2025-10-02T13:15:34.916Z"}
{"level":"info","message":"LoginService called: { email: 'abel@example.com' }","timestamp":"2025-10-02T13:15:34.916Z"}
{"level":"info","message":"User login successfully: { name: 'abel' }","timestamp":"2025-10-02T13:15:34.984Z"}
{"level":"info","message":"log in request body: { email: 'abel@example.com', password: '123' } ","timestamp":"2025-10-02T13:15:36.788Z"}
{"level":"info","message":"LoginService called: { email: 'abel@example.com' }","timestamp":"2025-10-02T13:15:36.789Z"}
{"level":"info","message":"User login successfully: { name: 'abel' }","timestamp":"2025-10-02T13:15:36.854Z"}
{"level":"info","message":"log in request body: { email: 'abel@example.com', password: '123' } ","timestamp":"2025-10-02T13:16:00.643Z"}
{"level":"info","message":"LoginService called: { email: 'abel@example.com' }","timestamp":"2025-10-02T13:16:00.643Z"}
{"level":"info","message":"User login successfully: { name: 'abel' }","timestamp":"2025-10-02T13:16:00.711Z"}
{"level":"info","message":"✅ MySQL connected","timestamp":"2025-10-02T13:17:45.589Z"}
{"level":"info","message":"🚀 Server running on http://localhost:8080","timestamp":"2025-10-02T13:17:45.594Z"}
{"level":"info","message":"log in request body: { email: 'abel@example.com', password: '123' } ","timestamp":"2025-10-02T13:18:08.408Z"}
{"level":"info","message":"LoginService called: { email: 'abel@example.com' }","timestamp":"2025-10-02T13:18:09.868Z"}
{"level":"info","message":"User login successfully: { name: 'abel' }","timestamp":"2025-10-02T13:18:25.544Z"}
{"level":"info","message":"✅ MySQL connected","timestamp":"2025-10-02T13:23:14.786Z"}
{"level":"info","message":"🚀 Server running on http://localhost:8080","timestamp":"2025-10-02T13:23:14.792Z"}
{"level":"info","message":"log in request body: { email: 'abel@example.com', password: '123' } ","timestamp":"2025-10-02T13:24:59.863Z"}
{"level":"info","message":"LoginService called: { email: 'abel@example.com' }","timestamp":"2025-10-02T13:25:12.399Z"}
{"level":"info","message":"User login successfully: { name: 'abel' }","timestamp":"2025-10-02T13:25:12.924Z"}
{"level":"info","message":"✅ MySQL connected","timestamp":"2025-10-03T05:16:42.968Z"}
{"level":"info","message":"🚀 Server running on http://localhost:8080","timestamp":"2025-10-03T05:16:42.971Z"}
{"level":"info","message":"log in request body: { email: 'abel@example.com', password: '123' } ","timestamp":"2025-10-03T05:17:24.375Z"}
{"level":"info","message":"LoginService called: { email: 'abel@example.com' }","timestamp":"2025-10-03T05:17:24.376Z"}
{"level":"info","message":"User login successfully: { name: 'abel' }","timestamp":"2025-10-03T05:17:24.472Z"}
{"level":"info","message":"Password updated for userId: c64229b8-f153-4b7a-9425-21991bd2bff2","timestamp":"2025-10-03T05:17:28.703Z"}
{"level":"info","message":"User update prepared successfully. userId: c64229b8-f153-4b7a-9425-21991bd2bff2, updates: {\"email\":\"abel@example.com\",\"password\":\"$2b$10$17CXvRycHlZ9qWzvb1mWe.k6rNOl4HVYPMPTMjgpn7w3sGUxnt90K\"}","timestamp":"2025-10-03T05:17:28.703Z"}
{"level":"info","message":"Password updated for userId: c64229b8-f153-4b7a-9425-21991bd2bff2","timestamp":"2025-10-03T05:17:50.156Z"}
{"level":"info","message":"User update prepared successfully. userId: c64229b8-f153-4b7a-9425-21991bd2bff2, updates: {\"email\":\"abl@example.com\",\"password\":\"$2b$10$gprOc0Pf8YaDgQfqvd1nNuN3m.AKwYIOXXlKyqtS/sC2h4gCh9Qmy\"}","timestamp":"2025-10-03T05:17:50.156Z"}
{"level":"info","message":"Password updated for userId: c64229b8-f153-4b7a-9425-21991bd2bff2","timestamp":"2025-10-03T05:18:02.289Z"}
{"level":"info","message":"User update prepared successfully. userId: c64229b8-f153-4b7a-9425-21991bd2bff2, updates: {\"email\":\"abl@example.com\",\"password\":\"$2b$10$oSt6U5d8USvMx3Nn5cJJTeSobb1WxeQePunIWSZhsOczLiPoL.i6e\"}","timestamp":"2025-10-03T05:18:02.289Z"}
{"level":"info","message":"log in request body: { email: 'abel@example.com', password: '123' } ","timestamp":"2025-10-03T05:18:09.432Z"}
{"level":"info","message":"LoginService called: { email: 'abel@example.com' }","timestamp":"2025-10-03T05:18:09.432Z"}
{"level":"warn","message":"Login failed: user not found for email abel@example.com","timestamp":"2025-10-03T05:18:09.434Z"}
{"level":"error","message":"user login error: Error: Invalid email or password\n    at login (file:///Users/abdisa.wake/Documents/NodeSchool/ums-etc/src/services/auth.service.js:14:15)\n    at process.processTicksAndRejections (node:internal/process/task_queues:105:5)\n    at async login (file:///Users/abdisa.wake/Documents/NodeSchool/ums-etc/src/controlles/auth.controller.js:44:20) {\n  [stack]: [Getter/Setter],\n  [message]: 'Invalid email or password'\n}","timestamp":"2025-10-03T05:18:09.434Z"}
{"level":"info","message":"log in request body: { email: 'abel@example.com', password: '123' } ","timestamp":"2025-10-03T05:18:10.735Z"}
{"level":"info","message":"LoginService called: { email: 'abel@example.com' }","timestamp":"2025-10-03T05:18:10.736Z"}
{"level":"warn","message":"Login failed: user not found for email abel@example.com","timestamp":"2025-10-03T05:18:10.738Z"}
{"level":"error","message":"user login error: Error: Invalid email or password\n    at login (file:///Users/abdisa.wake/Documents/NodeSchool/ums-etc/src/services/auth.service.js:14:15)\n    at process.processTicksAndRejections (node:internal/process/task_queues:105:5)\n    at async login (file:///Users/abdisa.wake/Documents/NodeSchool/ums-etc/src/controlles/auth.controller.js:44:20) {\n  [stack]: [Getter/Setter],\n  [message]: 'Invalid email or password'\n}","timestamp":"2025-10-03T05:18:10.738Z"}
{"level":"info","message":"log in request body: { email: 'abel@example.com', password: '123' } ","timestamp":"2025-10-03T05:18:15.531Z"}
{"level":"info","message":"LoginService called: { email: 'abel@example.com' }","timestamp":"2025-10-03T05:18:15.531Z"}
{"level":"warn","message":"Login failed: user not found for email abel@example.com","timestamp":"2025-10-03T05:18:15.533Z"}
{"level":"error","message":"user login error: Error: Invalid email or password\n    at login (file:///Users/abdisa.wake/Documents/NodeSchool/ums-etc/src/services/auth.service.js:14:15)\n    at process.processTicksAndRejections (node:internal/process/task_queues:105:5)\n    at async login (file:///Users/abdisa.wake/Documents/NodeSchool/ums-etc/src/controlles/auth.controller.js:44:20) {\n  [stack]: [Getter/Setter],\n  [message]: 'Invalid email or password'\n}","timestamp":"2025-10-03T05:18:15.533Z"}
{"level":"info","message":"log in request body: { email: 'abel@example.com', password: '123' } ","timestamp":"2025-10-03T05:18:17.950Z"}
{"level":"info","message":"LoginService called: { email: 'abel@example.com' }","timestamp":"2025-10-03T05:18:17.950Z"}
{"level":"warn","message":"Login failed: user not found for email abel@example.com","timestamp":"2025-10-03T05:18:17.952Z"}
{"level":"error","message":"user login error: Error: Invalid email or password\n    at login (file:///Users/abdisa.wake/Documents/NodeSchool/ums-etc/src/services/auth.service.js:14:15)\n    at process.processTicksAndRejections (node:internal/process/task_queues:105:5)\n    at async login (file:///Users/abdisa.wake/Documents/NodeSchool/ums-etc/src/controlles/auth.controller.js:44:20) {\n  [stack]: [Getter/Setter],\n  [message]: 'Invalid email or password'\n}","timestamp":"2025-10-03T05:18:17.952Z"}
{"level":"info","message":"log in request body: { email: 'abl@example.com', password: '1234' } ","timestamp":"2025-10-03T05:18:34.033Z"}
{"level":"info","message":"LoginService called: { email: 'abl@example.com' }","timestamp":"2025-10-03T05:18:34.034Z"}
{"level":"info","message":"User login successfully: { name: 'abel' }","timestamp":"2025-10-03T05:18:34.114Z"}
{"level":"info","message":"✅ MySQL connected","timestamp":"2025-10-03T05:19:46.485Z"}
{"level":"info","message":"🚀 Server running on http://localhost:8080","timestamp":"2025-10-03T05:19:46.489Z"}
{"level":"info","message":"log in request body: { email: 'abl@example.com', password: '1234' } ","timestamp":"2025-10-03T05:19:51.230Z"}
{"level":"info","message":"LoginService called: { email: 'abl@example.com' }","timestamp":"2025-10-03T05:19:51.230Z"}
{"level":"info","message":"User login successfully: { name: 'abel' }","timestamp":"2025-10-03T05:19:51.296Z"}
{"level":"info","message":"✅ MySQL connected","timestamp":"2025-10-03T05:20:05.319Z"}
{"level":"info","message":"🚀 Server running on http://localhost:8080","timestamp":"2025-10-03T05:20:05.323Z"}
{"level":"info","message":"log in request body: { email: 'abl@example.com', password: '1234' } ","timestamp":"2025-10-03T05:20:07.569Z"}
{"level":"info","message":"LoginService called: { email: 'abl@example.com' }","timestamp":"2025-10-03T05:20:07.569Z"}
{"level":"info","message":"User login successfully: { name: 'abel' }","timestamp":"2025-10-03T05:20:07.636Z"}
{"level":"info","message":"log in request body: { email: 'abl@example.com', password: '1234' } ","timestamp":"2025-10-03T05:20:21.755Z"}
{"level":"info","message":"LoginService called: { email: 'abl@example.com' }","timestamp":"2025-10-03T05:20:21.756Z"}
{"level":"info","message":"User login successfully: { name: 'abel' }","timestamp":"2025-10-03T05:20:21.839Z"}
{"level":"info","message":"✅ MySQL connected","timestamp":"2025-10-03T05:21:10.215Z"}
{"level":"info","message":"🚀 Server running on http://localhost:8080","timestamp":"2025-10-03T05:21:10.218Z"}
{"level":"info","message":"log in request body: { email: 'abl@example.com', password: '1234' } ","timestamp":"2025-10-03T05:21:15.912Z"}
{"level":"info","message":"LoginService called: { email: 'abl@example.com' }","timestamp":"2025-10-03T05:21:15.913Z"}
{"level":"info","message":"User login successfully: { name: 'abel' }","timestamp":"2025-10-03T05:21:15.995Z"}
{"level":"info","message":"log in request body: { email: 'abl@example.com', password: '1234' } ","timestamp":"2025-10-03T05:21:45.683Z"}
{"level":"info","message":"LoginService called: { email: 'abl@example.com' }","timestamp":"2025-10-03T05:21:45.683Z"}
{"level":"info","message":"User login successfully: { name: 'abel' }","timestamp":"2025-10-03T05:21:45.762Z"}
{"level":"info","message":"Regester request body: {\n  name: 'abel',\n  email: 'ab@example.com',\n  password: '123',\n  role: 'USER'\n} ","timestamp":"2025-10-03T05:22:16.288Z"}
{"level":"info","message":"UserService.register called: { email: 'ab@example.com', role: 'USER' }","timestamp":"2025-10-03T05:22:16.288Z"}
{"level":"info","message":"New User created : { id: 'd4506bc8-223b-44df-b9e1-8006d7e2d5d8', email: 'ab@example.com' }","timestamp":"2025-10-03T05:22:16.374Z"}
{"level":"info","message":"User Registered successfully: { id: 'd4506bc8-223b-44df-b9e1-8006d7e2d5d8', email: 'ab@example.com' }","timestamp":"2025-10-03T05:22:16.374Z"}
{"level":"info","message":"✅ MySQL connected","timestamp":"2025-10-03T05:24:16.306Z"}
{"level":"info","message":"🚀 Server running on http://localhost:8080","timestamp":"2025-10-03T05:24:16.310Z"}
{"level":"info","message":"log in request body: { email: 'abl@example.com', password: '1234' } ","timestamp":"2025-10-03T05:24:27.063Z"}
{"level":"info","message":"LoginService called: { email: 'abl@example.com' }","timestamp":"2025-10-03T05:24:27.063Z"}
{"level":"info","message":"User login successfully: { name: 'abel' }","timestamp":"2025-10-03T05:24:27.146Z"}
{"level":"info","message":"Regester request body: {\n  name: 'abel',\n  email: 'ab@example.com',\n  password: '123',\n  role: 'USER'\n} ","timestamp":"2025-10-03T05:24:32.222Z"}
{"level":"info","message":"UserService.register called: { email: 'ab@example.com', role: 'USER' }","timestamp":"2025-10-03T05:24:32.223Z"}
{"level":"error","message":"Register error: Error: Email already exists\n    at Object.register (file:///Users/abdisa.wake/Documents/NodeSchool/ums-etc/src/services/user.service.js:21:25)\n    at process.processTicksAndRejections (node:internal/process/task_queues:105:5)\n    at async register (file:///Users/abdisa.wake/Documents/NodeSchool/ums-etc/src/controlles/auth.controller.js:9:18) {\n  [stack]: [Getter/Setter],\n  [message]: 'Email already exists'\n}","timestamp":"2025-10-03T05:24:32.226Z"}
{"level":"info","message":"✅ MySQL connected","timestamp":"2025-10-03T05:27:35.022Z"}
{"level":"info","message":"🚀 Server running on http://localhost:8080","timestamp":"2025-10-03T05:27:35.028Z"}
{"level":"info","message":"✅ MySQL connected","timestamp":"2025-10-03T05:29:40.380Z"}
{"level":"info","message":"🚀 Server running on http://localhost:8080","timestamp":"2025-10-03T05:29:40.385Z"}
{"level":"info","message":"Regester request body: {\n  name: 'abel',\n  email: 'ab@example.com',\n  password: '123',\n  role: 'USER'\n} ","timestamp":"2025-10-03T05:30:00.201Z"}
{"level":"info","message":"UserService.register called: { email: 'ab@example.com', role: 'USER' }","timestamp":"2025-10-03T05:30:00.204Z"}
{"level":"error","message":"Register error: Error: Email already exists\n    at Object.register (file:///Users/abdisa.wake/Documents/NodeSchool/ums-etc/src/services/user.service.js:21:25)\n    at process.processTicksAndRejections (node:internal/process/task_queues:105:5)\n    at async register (file:///Users/abdisa.wake/Documents/NodeSchool/ums-etc/src/controlles/auth.controller.js:9:18) {\n  [stack]: [Getter/Setter],\n  [message]: 'Email already exists'\n}","timestamp":"2025-10-03T05:30:00.220Z"}
{"level":"info","message":"✅ MySQL connected","timestamp":"2025-10-03T05:30:18.785Z"}
{"level":"info","message":"🚀 Server running on http://localhost:8080","timestamp":"2025-10-03T05:30:18.789Z"}
{"level":"info","message":"Regester request body: {\n  name: 'abel',\n  email: 'ab@example.com',\n  password: '123',\n  role: 'USER'\n} ","timestamp":"2025-10-03T05:30:32.397Z"}
{"level":"info","message":"UserService.register called: { email: 'ab@example.com', role: 'USER' }","timestamp":"2025-10-03T05:30:32.399Z"}
{"level":"error","message":"Register error: Error: Email already exists\n    at Object.register (file:///Users/abdisa.wake/Documents/NodeSchool/ums-etc/src/services/user.service.js:21:25)\n    at process.processTicksAndRejections (node:internal/process/task_queues:105:5)\n    at async register (file:///Users/abdisa.wake/Documents/NodeSchool/ums-etc/src/controlles/auth.controller.js:9:18) {\n  [stack]: [Getter/Setter],\n  [message]: 'Email already exists'\n}","timestamp":"2025-10-03T05:30:38.735Z"}
{"level":"info","message":"✅ MySQL connected","timestamp":"2025-10-07T05:55:53.408Z"}
{"level":"info","message":"🚀 Server running on http://localhost:8080","timestamp":"2025-10-07T05:55:53.411Z"}
{"level":"info","message":"✅ MySQL connected","timestamp":"2025-10-07T05:57:17.192Z"}
{"level":"info","message":"🚀 Server running on http://localhost:8080","timestamp":"2025-10-07T05:57:17.196Z"}
{"level":"info","message":"✅ MySQL connected","timestamp":"2025-10-07T06:05:57.967Z"}
{"level":"info","message":"✅ MySQL connected","timestamp":"2025-10-07T06:05:59.380Z"}
{"level":"info","message":"✅ MySQL connected","timestamp":"2025-10-07T06:06:06.180Z"}
{"level":"error","message":"❌ Database error: log is not defined","stack":"ReferenceError: log is not defined\n    at file:///Users/abdisa.wake/Documents/NodeSchool/ums-etc/server.js:49:4\n    at process.processTicksAndRejections (node:internal/process/task_queues:105:5)","timestamp":"2025-10-07T06:06:34.502Z"}
{"level":"error","message":"❌ Database error: getaddrinfo ENOTFOUND mysql","name":"SequelizeHostNotFoundError","original":{"code":"ENOTFOUND","errno":-3008,"fatal":true,"hostname":"mysql","syscall":"getaddrinfo"},"parent":{"code":"ENOTFOUND","errno":-3008,"fatal":true,"hostname":"mysql","syscall":"getaddrinfo"},"stack":"SequelizeHostNotFoundError: getaddrinfo ENOTFOUND mysql\n    at ConnectionManager.connect (/Users/abdisa.wake/Documents/NodeSchool/ums-etc/node_modules/sequelize/lib/dialects/mysql/connection-manager.js:96:17)\n    at process.processTicksAndRejections (node:internal/process/task_queues:105:5)\n    at async ConnectionManager._connect (/Users/abdisa.wake/Documents/NodeSchool/ums-etc/node_modules/sequelize/lib/dialects/abstract/connection-manager.js:222:24)\n    at async /Users/abdisa.wake/Documents/NodeSchool/ums-etc/node_modules/sequelize/lib/dialects/abstract/connection-manager.js:174:32\n    at async ConnectionManager.getConnection (/Users/abdisa.wake/Documents/NodeSchool/ums-etc/node_modules/sequelize/lib/dialects/abstract/connection-manager.js:197:7)\n    at async /Users/abdisa.wake/Documents/NodeSchool/ums-etc/node_modules/sequelize/lib/sequelize.js:305:26\n    at async Sequelize.authenticate (/Users/abdisa.wake/Documents/NodeSchool/ums-etc/node_modules/sequelize/lib/sequelize.js:457:5)","timestamp":"2025-10-08T12:53:54.764Z"}
{"level":"error","message":"❌ Database error: getaddrinfo ENOTFOUND mysql","name":"SequelizeHostNotFoundError","original":{"code":"ENOTFOUND","errno":-3008,"fatal":true,"hostname":"mysql","syscall":"getaddrinfo"},"parent":{"code":"ENOTFOUND","errno":-3008,"fatal":true,"hostname":"mysql","syscall":"getaddrinfo"},"stack":"SequelizeHostNotFoundError: getaddrinfo ENOTFOUND mysql\n    at ConnectionManager.connect (/Users/abdisa.wake/Documents/NodeSchool/ums-etc/node_modules/sequelize/lib/dialects/mysql/connection-manager.js:96:17)\n    at process.processTicksAndRejections (node:internal/process/task_queues:105:5)\n    at async ConnectionManager._connect (/Users/abdisa.wake/Documents/NodeSchool/ums-etc/node_modules/sequelize/lib/dialects/abstract/connection-manager.js:222:24)\n    at async /Users/abdisa.wake/Documents/NodeSchool/ums-etc/node_modules/sequelize/lib/dialects/abstract/connection-manager.js:174:32\n    at async ConnectionManager.getConnection (/Users/abdisa.wake/Documents/NodeSchool/ums-etc/node_modules/sequelize/lib/dialects/abstract/connection-manager.js:197:7)\n    at async /Users/abdisa.wake/Documents/NodeSchool/ums-etc/node_modules/sequelize/lib/sequelize.js:305:26\n    at async Sequelize.authenticate (/Users/abdisa.wake/Documents/NodeSchool/ums-etc/node_modules/sequelize/lib/sequelize.js:457:5)","timestamp":"2025-10-08T12:54:27.946Z"}
{"level":"error","message":"❌ Database error: getaddrinfo ENOTFOUND mysql","name":"SequelizeHostNotFoundError","original":{"code":"ENOTFOUND","errno":-3008,"fatal":true,"hostname":"mysql","syscall":"getaddrinfo"},"parent":{"code":"ENOTFOUND","errno":-3008,"fatal":true,"hostname":"mysql","syscall":"getaddrinfo"},"stack":"SequelizeHostNotFoundError: getaddrinfo ENOTFOUND mysql\n    at ConnectionManager.connect (/Users/abdisa.wake/Documents/NodeSchool/ums-etc/node_modules/sequelize/lib/dialects/mysql/connection-manager.js:96:17)\n    at process.processTicksAndRejections (node:internal/process/task_queues:105:5)\n    at async ConnectionManager._connect (/Users/abdisa.wake/Documents/NodeSchool/ums-etc/node_modules/sequelize/lib/dialects/abstract/connection-manager.js:222:24)\n    at async /Users/abdisa.wake/Documents/NodeSchool/ums-etc/node_modules/sequelize/lib/dialects/abstract/connection-manager.js:174:32\n    at async ConnectionManager.getConnection (/Users/abdisa.wake/Documents/NodeSchool/ums-etc/node_modules/sequelize/lib/dialects/abstract/connection-manager.js:197:7)\n    at async /Users/abdisa.wake/Documents/NodeSchool/ums-etc/node_modules/sequelize/lib/sequelize.js:305:26\n    at async Sequelize.authenticate (/Users/abdisa.wake/Documents/NodeSchool/ums-etc/node_modules/sequelize/lib/sequelize.js:457:5)","timestamp":"2025-10-08T12:54:32.055Z"}
{"level":"error","message":"❌ Database error: getaddrinfo ENOTFOUND mysql","name":"SequelizeHostNotFoundError","original":{"code":"ENOTFOUND","errno":-3008,"fatal":true,"hostname":"mysql","syscall":"getaddrinfo"},"parent":{"code":"ENOTFOUND","errno":-3008,"fatal":true,"hostname":"mysql","syscall":"getaddrinfo"},"stack":"SequelizeHostNotFoundError: getaddrinfo ENOTFOUND mysql\n    at ConnectionManager.connect (/Users/abdisa.wake/Documents/NodeSchool/ums-etc/node_modules/sequelize/lib/dialects/mysql/connection-manager.js:96:17)\n    at process.processTicksAndRejections (node:internal/process/task_queues:105:5)\n    at async ConnectionManager._connect (/Users/abdisa.wake/Documents/NodeSchool/ums-etc/node_modules/sequelize/lib/dialects/abstract/connection-manager.js:222:24)\n    at async /Users/abdisa.wake/Documents/NodeSchool/ums-etc/node_modules/sequelize/lib/dialects/abstract/connection-manager.js:174:32\n    at async ConnectionManager.getConnection (/Users/abdisa.wake/Documents/NodeSchool/ums-etc/node_modules/sequelize/lib/dialects/abstract/connection-manager.js:197:7)\n    at async /Users/abdisa.wake/Documents/NodeSchool/ums-etc/node_modules/sequelize/lib/sequelize.js:305:26\n    at async Sequelize.authenticate (/Users/abdisa.wake/Documents/NodeSchool/ums-etc/node_modules/sequelize/lib/sequelize.js:457:5)","timestamp":"2025-10-08T12:58:57.378Z"}
{"level":"error","message":"❌ Database error: getaddrinfo ENOTFOUND mysql","name":"SequelizeHostNotFoundError","original":{"code":"ENOTFOUND","errno":-3008,"fatal":true,"hostname":"mysql","syscall":"getaddrinfo"},"parent":{"code":"ENOTFOUND","errno":-3008,"fatal":true,"hostname":"mysql","syscall":"getaddrinfo"},"stack":"SequelizeHostNotFoundError: getaddrinfo ENOTFOUND mysql\n    at ConnectionManager.connect (/Users/abdisa.wake/Documents/NodeSchool/ums-etc/node_modules/sequelize/lib/dialects/mysql/connection-manager.js:96:17)\n    at process.processTicksAndRejections (node:internal/process/task_queues:105:5)\n    at async ConnectionManager._connect (/Users/abdisa.wake/Documents/NodeSchool/ums-etc/node_modules/sequelize/lib/dialects/abstract/connection-manager.js:222:24)\n    at async /Users/abdisa.wake/Documents/NodeSchool/ums-etc/node_modules/sequelize/lib/dialects/abstract/connection-manager.js:174:32\n    at async ConnectionManager.getConnection (/Users/abdisa.wake/Documents/NodeSchool/ums-etc/node_modules/sequelize/lib/dialects/abstract/connection-manager.js:197:7)\n    at async /Users/abdisa.wake/Documents/NodeSchool/ums-etc/node_modules/sequelize/lib/sequelize.js:305:26\n    at async Sequelize.authenticate (/Users/abdisa.wake/Documents/NodeSchool/ums-etc/node_modules/sequelize/lib/sequelize.js:457:5)","timestamp":"2025-10-08T13:00:32.495Z"}
{"level":"error","message":"❌ Database error: getaddrinfo ENOTFOUND mysql","name":"SequelizeHostNotFoundError","original":{"code":"ENOTFOUND","errno":-3008,"fatal":true,"hostname":"mysql","syscall":"getaddrinfo"},"parent":{"code":"ENOTFOUND","errno":-3008,"fatal":true,"hostname":"mysql","syscall":"getaddrinfo"},"stack":"SequelizeHostNotFoundError: getaddrinfo ENOTFOUND mysql\n    at ConnectionManager.connect (/Users/abdisa.wake/Documents/NodeSchool/ums-etc/node_modules/sequelize/lib/dialects/mysql/connection-manager.js:96:17)\n    at process.processTicksAndRejections (node:internal/process/task_queues:105:5)\n    at async ConnectionManager._connect (/Users/abdisa.wake/Documents/NodeSchool/ums-etc/node_modules/sequelize/lib/dialects/abstract/connection-manager.js:222:24)\n    at async /Users/abdisa.wake/Documents/NodeSchool/ums-etc/node_modules/sequelize/lib/dialects/abstract/connection-manager.js:174:32\n    at async ConnectionManager.getConnection (/Users/abdisa.wake/Documents/NodeSchool/ums-etc/node_modules/sequelize/lib/dialects/abstract/connection-manager.js:197:7)\n    at async /Users/abdisa.wake/Documents/NodeSchool/ums-etc/node_modules/sequelize/lib/sequelize.js:305:26\n    at async Sequelize.authenticate (/Users/abdisa.wake/Documents/NodeSchool/ums-etc/node_modules/sequelize/lib/sequelize.js:457:5)","timestamp":"2025-10-08T13:00:54.307Z"}
{"level":"error","message":"❌ Database error: getaddrinfo ENOTFOUND mysql","name":"SequelizeHostNotFoundError","original":{"code":"ENOTFOUND","errno":-3008,"fatal":true,"hostname":"mysql","syscall":"getaddrinfo"},"parent":{"code":"ENOTFOUND","errno":-3008,"fatal":true,"hostname":"mysql","syscall":"getaddrinfo"},"stack":"SequelizeHostNotFoundError: getaddrinfo ENOTFOUND mysql\n    at ConnectionManager.connect (/Users/abdisa.wake/Documents/NodeSchool/ums-etc/node_modules/sequelize/lib/dialects/mysql/connection-manager.js:96:17)\n    at process.processTicksAndRejections (node:internal/process/task_queues:105:5)\n    at async ConnectionManager._connect (/Users/abdisa.wake/Documents/NodeSchool/ums-etc/node_modules/sequelize/lib/dialects/abstract/connection-manager.js:222:24)\n    at async /Users/abdisa.wake/Documents/NodeSchool/ums-etc/node_modules/sequelize/lib/dialects/abstract/connection-manager.js:174:32\n    at async ConnectionManager.getConnection (/Users/abdisa.wake/Documents/NodeSchool/ums-etc/node_modules/sequelize/lib/dialects/abstract/connection-manager.js:197:7)\n    at async /Users/abdisa.wake/Documents/NodeSchool/ums-etc/node_modules/sequelize/lib/sequelize.js:305:26\n    at async Sequelize.authenticate (/Users/abdisa.wake/Documents/NodeSchool/ums-etc/node_modules/sequelize/lib/sequelize.js:457:5)","timestamp":"2025-10-08T13:00:55.219Z"}
{"level":"error","message":"❌ Database error: getaddrinfo ENOTFOUND mysql","name":"SequelizeHostNotFoundError","original":{"code":"ENOTFOUND","errno":-3008,"fatal":true,"hostname":"mysql","syscall":"getaddrinfo"},"parent":{"code":"ENOTFOUND","errno":-3008,"fatal":true,"hostname":"mysql","syscall":"getaddrinfo"},"stack":"SequelizeHostNotFoundError: getaddrinfo ENOTFOUND mysql\n    at ConnectionManager.connect (/Users/abdisa.wake/Documents/NodeSchool/ums-etc/node_modules/sequelize/lib/dialects/mysql/connection-manager.js:96:17)\n    at process.processTicksAndRejections (node:internal/process/task_queues:105:5)\n    at async ConnectionManager._connect (/Users/abdisa.wake/Documents/NodeSchool/ums-etc/node_modules/sequelize/lib/dialects/abstract/connection-manager.js:222:24)\n    at async /Users/abdisa.wake/Documents/NodeSchool/ums-etc/node_modules/sequelize/lib/dialects/abstract/connection-manager.js:174:32\n    at async ConnectionManager.getConnection (/Users/abdisa.wake/Documents/NodeSchool/ums-etc/node_modules/sequelize/lib/dialects/abstract/connection-manager.js:197:7)\n    at async /Users/abdisa.wake/Documents/NodeSchool/ums-etc/node_modules/sequelize/lib/sequelize.js:305:26\n    at async Sequelize.authenticate (/Users/abdisa.wake/Documents/NodeSchool/ums-etc/node_modules/sequelize/lib/sequelize.js:457:5)","timestamp":"2025-10-08T13:01:02.080Z"}
{"level":"error","message":"❌ Database error: getaddrinfo ENOTFOUND mysql","name":"SequelizeHostNotFoundError","original":{"code":"ENOTFOUND","errno":-3008,"fatal":true,"hostname":"mysql","syscall":"getaddrinfo"},"parent":{"code":"ENOTFOUND","errno":-3008,"fatal":true,"hostname":"mysql","syscall":"getaddrinfo"},"stack":"SequelizeHostNotFoundError: getaddrinfo ENOTFOUND mysql\n    at ConnectionManager.connect (/Users/abdisa.wake/Documents/NodeSchool/ums-etc/node_modules/sequelize/lib/dialects/mysql/connection-manager.js:96:17)\n    at process.processTicksAndRejections (node:internal/process/task_queues:105:5)\n    at async ConnectionManager._connect (/Users/abdisa.wake/Documents/NodeSchool/ums-etc/node_modules/sequelize/lib/dialects/abstract/connection-manager.js:222:24)\n    at async /Users/abdisa.wake/Documents/NodeSchool/ums-etc/node_modules/sequelize/lib/dialects/abstract/connection-manager.js:174:32\n    at async ConnectionManager.getConnection (/Users/abdisa.wake/Documents/NodeSchool/ums-etc/node_modules/sequelize/lib/dialects/abstract/connection-manager.js:197:7)\n    at async /Users/abdisa.wake/Documents/NodeSchool/ums-etc/node_modules/sequelize/lib/sequelize.js:305:26\n    at async Sequelize.authenticate (/Users/abdisa.wake/Documents/NodeSchool/ums-etc/node_modules/sequelize/lib/sequelize.js:457:5)","timestamp":"2025-10-08T13:01:09.197Z"}
{"level":"error","message":"❌ Database error: getaddrinfo ENOTFOUND mysql","name":"SequelizeHostNotFoundError","original":{"code":"ENOTFOUND","errno":-3008,"fatal":true,"hostname":"mysql","syscall":"getaddrinfo"},"parent":{"code":"ENOTFOUND","errno":-3008,"fatal":true,"hostname":"mysql","syscall":"getaddrinfo"},"stack":"SequelizeHostNotFoundError: getaddrinfo ENOTFOUND mysql\n    at ConnectionManager.connect (/Users/abdisa.wake/Documents/NodeSchool/ums-etc/node_modules/sequelize/lib/dialects/mysql/connection-manager.js:96:17)\n    at process.processTicksAndRejections (node:internal/process/task_queues:105:5)\n    at async ConnectionManager._connect (/Users/abdisa.wake/Documents/NodeSchool/ums-etc/node_modules/sequelize/lib/dialects/abstract/connection-manager.js:222:24)\n    at async /Users/abdisa.wake/Documents/NodeSchool/ums-etc/node_modules/sequelize/lib/dialects/abstract/connection-manager.js:174:32\n    at async ConnectionManager.getConnection (/Users/abdisa.wake/Documents/NodeSchool/ums-etc/node_modules/sequelize/lib/dialects/abstract/connection-manager.js:197:7)\n    at async /Users/abdisa.wake/Documents/NodeSchool/ums-etc/node_modules/sequelize/lib/sequelize.js:305:26\n    at async Sequelize.authenticate (/Users/abdisa.wake/Documents/NodeSchool/ums-etc/node_modules/sequelize/lib/sequelize.js:457:5)","timestamp":"2025-10-08T13:02:14.945Z"}
{"level":"error","message":"❌ Database error: getaddrinfo ENOTFOUND mysql","name":"SequelizeHostNotFoundError","original":{"code":"ENOTFOUND","errno":-3008,"fatal":true,"hostname":"mysql","syscall":"getaddrinfo"},"parent":{"code":"ENOTFOUND","errno":-3008,"fatal":true,"hostname":"mysql","syscall":"getaddrinfo"},"stack":"SequelizeHostNotFoundError: getaddrinfo ENOTFOUND mysql\n    at ConnectionManager.connect (/Users/abdisa.wake/Documents/NodeSchool/ums-etc/node_modules/sequelize/lib/dialects/mysql/connection-manager.js:96:17)\n    at process.processTicksAndRejections (node:internal/process/task_queues:105:5)\n    at async ConnectionManager._connect (/Users/abdisa.wake/Documents/NodeSchool/ums-etc/node_modules/sequelize/lib/dialects/abstract/connection-manager.js:222:24)\n    at async /Users/abdisa.wake/Documents/NodeSchool/ums-etc/node_modules/sequelize/lib/dialects/abstract/connection-manager.js:174:32\n    at async ConnectionManager.getConnection (/Users/abdisa.wake/Documents/NodeSchool/ums-etc/node_modules/sequelize/lib/dialects/abstract/connection-manager.js:197:7)\n    at async /Users/abdisa.wake/Documents/NodeSchool/ums-etc/node_modules/sequelize/lib/sequelize.js:305:26\n    at async Sequelize.authenticate (/Users/abdisa.wake/Documents/NodeSchool/ums-etc/node_modules/sequelize/lib/sequelize.js:457:5)","timestamp":"2025-10-08T13:02:22.333Z"}
{"level":"error","message":"❌ Database error: getaddrinfo ENOTFOUND mysql","name":"SequelizeHostNotFoundError","original":{"code":"ENOTFOUND","errno":-3008,"fatal":true,"hostname":"mysql","syscall":"getaddrinfo"},"parent":{"code":"ENOTFOUND","errno":-3008,"fatal":true,"hostname":"mysql","syscall":"getaddrinfo"},"stack":"SequelizeHostNotFoundError: getaddrinfo ENOTFOUND mysql\n    at ConnectionManager.connect (/Users/abdisa.wake/Documents/NodeSchool/ums-etc/node_modules/sequelize/lib/dialects/mysql/connection-manager.js:96:17)\n    at process.processTicksAndRejections (node:internal/process/task_queues:105:5)\n    at async ConnectionManager._connect (/Users/abdisa.wake/Documents/NodeSchool/ums-etc/node_modules/sequelize/lib/dialects/abstract/connection-manager.js:222:24)\n    at async /Users/abdisa.wake/Documents/NodeSchool/ums-etc/node_modules/sequelize/lib/dialects/abstract/connection-manager.js:174:32\n    at async ConnectionManager.getConnection (/Users/abdisa.wake/Documents/NodeSchool/ums-etc/node_modules/sequelize/lib/dialects/abstract/connection-manager.js:197:7)\n    at async /Users/abdisa.wake/Documents/NodeSchool/ums-etc/node_modules/sequelize/lib/sequelize.js:305:26\n    at async Sequelize.authenticate (/Users/abdisa.wake/Documents/NodeSchool/ums-etc/node_modules/sequelize/lib/sequelize.js:457:5)","timestamp":"2025-10-08T13:02:25.159Z"}
{"level":"error","message":"❌ Database error: getaddrinfo ENOTFOUND mysql","name":"SequelizeHostNotFoundError","original":{"code":"ENOTFOUND","errno":-3008,"fatal":true,"hostname":"mysql","syscall":"getaddrinfo"},"parent":{"code":"ENOTFOUND","errno":-3008,"fatal":true,"hostname":"mysql","syscall":"getaddrinfo"},"stack":"SequelizeHostNotFoundError: getaddrinfo ENOTFOUND mysql\n    at ConnectionManager.connect (/Users/abdisa.wake/Documents/NodeSchool/ums-etc/node_modules/sequelize/lib/dialects/mysql/connection-manager.js:96:17)\n    at process.processTicksAndRejections (node:internal/process/task_queues:105:5)\n    at async ConnectionManager._connect (/Users/abdisa.wake/Documents/NodeSchool/ums-etc/node_modules/sequelize/lib/dialects/abstract/connection-manager.js:222:24)\n    at async /Users/abdisa.wake/Documents/NodeSchool/ums-etc/node_modules/sequelize/lib/dialects/abstract/connection-manager.js:174:32\n    at async ConnectionManager.getConnection (/Users/abdisa.wake/Documents/NodeSchool/ums-etc/node_modules/sequelize/lib/dialects/abstract/connection-manager.js:197:7)\n    at async /Users/abdisa.wake/Documents/NodeSchool/ums-etc/node_modules/sequelize/lib/sequelize.js:305:26\n    at async Sequelize.authenticate (/Users/abdisa.wake/Documents/NodeSchool/ums-etc/node_modules/sequelize/lib/sequelize.js:457:5)","timestamp":"2025-10-08T13:02:32.087Z"}
{"level":"error","message":"❌ Database error: getaddrinfo ENOTFOUND mysql","name":"SequelizeHostNotFoundError","original":{"code":"ENOTFOUND","errno":-3008,"fatal":true,"hostname":"mysql","syscall":"getaddrinfo"},"parent":{"code":"ENOTFOUND","errno":-3008,"fatal":true,"hostname":"mysql","syscall":"getaddrinfo"},"stack":"SequelizeHostNotFoundError: getaddrinfo ENOTFOUND mysql\n    at ConnectionManager.connect (/Users/abdisa.wake/Documents/NodeSchool/ums-etc/node_modules/sequelize/lib/dialects/mysql/connection-manager.js:96:17)\n    at process.processTicksAndRejections (node:internal/process/task_queues:105:5)\n    at async ConnectionManager._connect (/Users/abdisa.wake/Documents/NodeSchool/ums-etc/node_modules/sequelize/lib/dialects/abstract/connection-manager.js:222:24)\n    at async /Users/abdisa.wake/Documents/NodeSchool/ums-etc/node_modules/sequelize/lib/dialects/abstract/connection-manager.js:174:32\n    at async ConnectionManager.getConnection (/Users/abdisa.wake/Documents/NodeSchool/ums-etc/node_modules/sequelize/lib/dialects/abstract/connection-manager.js:197:7)\n    at async /Users/abdisa.wake/Documents/NodeSchool/ums-etc/node_modules/sequelize/lib/sequelize.js:305:26\n    at async Sequelize.authenticate (/Users/abdisa.wake/Documents/NodeSchool/ums-etc/node_modules/sequelize/lib/sequelize.js:457:5)","timestamp":"2025-10-08T13:03:15.219Z"}
{"level":"error","message":"❌ Database error: getaddrinfo ENOTFOUND mysql","name":"SequelizeHostNotFoundError","original":{"code":"ENOTFOUND","errno":-3008,"fatal":true,"hostname":"mysql","syscall":"getaddrinfo"},"parent":{"code":"ENOTFOUND","errno":-3008,"fatal":true,"hostname":"mysql","syscall":"getaddrinfo"},"stack":"SequelizeHostNotFoundError: getaddrinfo ENOTFOUND mysql\n    at ConnectionManager.connect (/Users/abdisa.wake/Documents/NodeSchool/ums-etc/node_modules/sequelize/lib/dialects/mysql/connection-manager.js:96:17)\n    at process.processTicksAndRejections (node:internal/process/task_queues:105:5)\n    at async ConnectionManager._connect (/Users/abdisa.wake/Documents/NodeSchool/ums-etc/node_modules/sequelize/lib/dialects/abstract/connection-manager.js:222:24)\n    at async /Users/abdisa.wake/Documents/NodeSchool/ums-etc/node_modules/sequelize/lib/dialects/abstract/connection-manager.js:174:32\n    at async ConnectionManager.getConnection (/Users/abdisa.wake/Documents/NodeSchool/ums-etc/node_modules/sequelize/lib/dialects/abstract/connection-manager.js:197:7)\n    at async /Users/abdisa.wake/Documents/NodeSchool/ums-etc/node_modules/sequelize/lib/sequelize.js:305:26\n    at async Sequelize.authenticate (/Users/abdisa.wake/Documents/NodeSchool/ums-etc/node_modules/sequelize/lib/sequelize.js:457:5)","timestamp":"2025-10-08T13:04:28.775Z"}
{"level":"error","message":"❌ Database error: getaddrinfo ENOTFOUND mysql","name":"SequelizeHostNotFoundError","original":{"code":"ENOTFOUND","errno":-3008,"fatal":true,"hostname":"mysql","syscall":"getaddrinfo"},"parent":{"code":"ENOTFOUND","errno":-3008,"fatal":true,"hostname":"mysql","syscall":"getaddrinfo"},"stack":"SequelizeHostNotFoundError: getaddrinfo ENOTFOUND mysql\n    at ConnectionManager.connect (/Users/abdisa.wake/Documents/NodeSchool/ums-etc/node_modules/sequelize/lib/dialects/mysql/connection-manager.js:96:17)\n    at process.processTicksAndRejections (node:internal/process/task_queues:105:5)\n    at async ConnectionManager._connect (/Users/abdisa.wake/Documents/NodeSchool/ums-etc/node_modules/sequelize/lib/dialects/abstract/connection-manager.js:222:24)\n    at async /Users/abdisa.wake/Documents/NodeSchool/ums-etc/node_modules/sequelize/lib/dialects/abstract/connection-manager.js:174:32\n    at async ConnectionManager.getConnection (/Users/abdisa.wake/Documents/NodeSchool/ums-etc/node_modules/sequelize/lib/dialects/abstract/connection-manager.js:197:7)\n    at async /Users/abdisa.wake/Documents/NodeSchool/ums-etc/node_modules/sequelize/lib/sequelize.js:305:26\n    at async Sequelize.authenticate (/Users/abdisa.wake/Documents/NodeSchool/ums-etc/node_modules/sequelize/lib/sequelize.js:457:5)","timestamp":"2025-10-08T13:04:43.994Z"}
{"level":"error","message":"❌ Database error: getaddrinfo ENOTFOUND mysql","name":"SequelizeHostNotFoundError","original":{"code":"ENOTFOUND","errno":-3008,"fatal":true,"hostname":"mysql","syscall":"getaddrinfo"},"parent":{"code":"ENOTFOUND","errno":-3008,"fatal":true,"hostname":"mysql","syscall":"getaddrinfo"},"stack":"SequelizeHostNotFoundError: getaddrinfo ENOTFOUND mysql\n    at ConnectionManager.connect (/Users/abdisa.wake/Documents/NodeSchool/ums-etc/node_modules/sequelize/lib/dialects/mysql/connection-manager.js:96:17)\n    at process.processTicksAndRejections (node:internal/process/task_queues:105:5)\n    at async ConnectionManager._connect (/Users/abdisa.wake/Documents/NodeSchool/ums-etc/node_modules/sequelize/lib/dialects/abstract/connection-manager.js:222:24)\n    at async /Users/abdisa.wake/Documents/NodeSchool/ums-etc/node_modules/sequelize/lib/dialects/abstract/connection-manager.js:174:32\n    at async ConnectionManager.getConnection (/Users/abdisa.wake/Documents/NodeSchool/ums-etc/node_modules/sequelize/lib/dialects/abstract/connection-manager.js:197:7)\n    at async /Users/abdisa.wake/Documents/NodeSchool/ums-etc/node_modules/sequelize/lib/sequelize.js:305:26\n    at async Sequelize.authenticate (/Users/abdisa.wake/Documents/NodeSchool/ums-etc/node_modules/sequelize/lib/sequelize.js:457:5)","timestamp":"2025-10-08T13:04:52.559Z"}
{"level":"error","message":"❌ Database error: getaddrinfo ENOTFOUND mysql","name":"SequelizeHostNotFoundError","original":{"code":"ENOTFOUND","errno":-3008,"fatal":true,"hostname":"mysql","syscall":"getaddrinfo"},"parent":{"code":"ENOTFOUND","errno":-3008,"fatal":true,"hostname":"mysql","syscall":"getaddrinfo"},"stack":"SequelizeHostNotFoundError: getaddrinfo ENOTFOUND mysql\n    at ConnectionManager.connect (/Users/abdisa.wake/Documents/NodeSchool/ums-etc/node_modules/sequelize/lib/dialects/mysql/connection-manager.js:96:17)\n    at process.processTicksAndRejections (node:internal/process/task_queues:105:5)\n    at async ConnectionManager._connect (/Users/abdisa.wake/Documents/NodeSchool/ums-etc/node_modules/sequelize/lib/dialects/abstract/connection-manager.js:222:24)\n    at async /Users/abdisa.wake/Documents/NodeSchool/ums-etc/node_modules/sequelize/lib/dialects/abstract/connection-manager.js:174:32\n    at async ConnectionManager.getConnection (/Users/abdisa.wake/Documents/NodeSchool/ums-etc/node_modules/sequelize/lib/dialects/abstract/connection-manager.js:197:7)\n    at async /Users/abdisa.wake/Documents/NodeSchool/ums-etc/node_modules/sequelize/lib/sequelize.js:305:26\n    at async Sequelize.authenticate (/Users/abdisa.wake/Documents/NodeSchool/ums-etc/node_modules/sequelize/lib/sequelize.js:457:5)","timestamp":"2025-10-09T05:09:56.421Z"}
{"level":"error","message":"❌ Database error: getaddrinfo ENOTFOUND mysql","name":"SequelizeHostNotFoundError","original":{"code":"ENOTFOUND","errno":-3008,"fatal":true,"hostname":"mysql","syscall":"getaddrinfo"},"parent":{"code":"ENOTFOUND","errno":-3008,"fatal":true,"hostname":"mysql","syscall":"getaddrinfo"},"stack":"SequelizeHostNotFoundError: getaddrinfo ENOTFOUND mysql\n    at ConnectionManager.connect (/Users/abdisa.wake/Documents/NodeSchool/ums-etc/node_modules/sequelize/lib/dialects/mysql/connection-manager.js:96:17)\n    at process.processTicksAndRejections (node:internal/process/task_queues:105:5)\n    at async ConnectionManager._connect (/Users/abdisa.wake/Documents/NodeSchool/ums-etc/node_modules/sequelize/lib/dialects/abstract/connection-manager.js:222:24)\n    at async /Users/abdisa.wake/Documents/NodeSchool/ums-etc/node_modules/sequelize/lib/dialects/abstract/connection-manager.js:174:32\n    at async ConnectionManager.getConnection (/Users/abdisa.wake/Documents/NodeSchool/ums-etc/node_modules/sequelize/lib/dialects/abstract/connection-manager.js:197:7)\n    at async /Users/abdisa.wake/Documents/NodeSchool/ums-etc/node_modules/sequelize/lib/sequelize.js:305:26\n    at async Sequelize.authenticate (/Users/abdisa.wake/Documents/NodeSchool/ums-etc/node_modules/sequelize/lib/sequelize.js:457:5)","timestamp":"2025-10-09T05:10:13.877Z"}
{"level":"error","message":"❌ Database error: getaddrinfo ENOTFOUND mysql","name":"SequelizeHostNotFoundError","original":{"code":"ENOTFOUND","errno":-3008,"fatal":true,"hostname":"mysql","syscall":"getaddrinfo"},"parent":{"code":"ENOTFOUND","errno":-3008,"fatal":true,"hostname":"mysql","syscall":"getaddrinfo"},"stack":"SequelizeHostNotFoundError: getaddrinfo ENOTFOUND mysql\n    at ConnectionManager.connect (/Users/abdisa.wake/Documents/NodeSchool/ums-etc/node_modules/sequelize/lib/dialects/mysql/connection-manager.js:96:17)\n    at process.processTicksAndRejections (node:internal/process/task_queues:105:5)\n    at async ConnectionManager._connect (/Users/abdisa.wake/Documents/NodeSchool/ums-etc/node_modules/sequelize/lib/dialects/abstract/connection-manager.js:222:24)\n    at async /Users/abdisa.wake/Documents/NodeSchool/ums-etc/node_modules/sequelize/lib/dialects/abstract/connection-manager.js:174:32\n    at async ConnectionManager.getConnection (/Users/abdisa.wake/Documents/NodeSchool/ums-etc/node_modules/sequelize/lib/dialects/abstract/connection-manager.js:197:7)\n    at async /Users/abdisa.wake/Documents/NodeSchool/ums-etc/node_modules/sequelize/lib/sequelize.js:305:26\n    at async Sequelize.authenticate (/Users/abdisa.wake/Documents/NodeSchool/ums-etc/node_modules/sequelize/lib/sequelize.js:457:5)","timestamp":"2025-10-09T05:10:15.517Z"}
{"level":"error","message":"❌ Database error: getaddrinfo ENOTFOUND mysql","name":"SequelizeHostNotFoundError","original":{"code":"ENOTFOUND","errno":-3008,"fatal":true,"hostname":"mysql","syscall":"getaddrinfo"},"parent":{"code":"ENOTFOUND","errno":-3008,"fatal":true,"hostname":"mysql","syscall":"getaddrinfo"},"stack":"SequelizeHostNotFoundError: getaddrinfo ENOTFOUND mysql\n    at ConnectionManager.connect (/Users/abdisa.wake/Documents/NodeSchool/ums-etc/node_modules/sequelize/lib/dialects/mysql/connection-manager.js:96:17)\n    at process.processTicksAndRejections (node:internal/process/task_queues:105:5)\n    at async ConnectionManager._connect (/Users/abdisa.wake/Documents/NodeSchool/ums-etc/node_modules/sequelize/lib/dialects/abstract/connection-manager.js:222:24)\n    at async /Users/abdisa.wake/Documents/NodeSchool/ums-etc/node_modules/sequelize/lib/dialects/abstract/connection-manager.js:174:32\n    at async ConnectionManager.getConnection (/Users/abdisa.wake/Documents/NodeSchool/ums-etc/node_modules/sequelize/lib/dialects/abstract/connection-manager.js:197:7)\n    at async /Users/abdisa.wake/Documents/NodeSchool/ums-etc/node_modules/sequelize/lib/sequelize.js:305:26\n    at async Sequelize.authenticate (/Users/abdisa.wake/Documents/NodeSchool/ums-etc/node_modules/sequelize/lib/sequelize.js:457:5)","timestamp":"2025-10-09T05:10:20.137Z"}
{"level":"error","message":"❌ Database error: getaddrinfo ENOTFOUND mysql","name":"SequelizeHostNotFoundError","original":{"code":"ENOTFOUND","errno":-3008,"fatal":true,"hostname":"mysql","syscall":"getaddrinfo"},"parent":{"code":"ENOTFOUND","errno":-3008,"fatal":true,"hostname":"mysql","syscall":"getaddrinfo"},"stack":"SequelizeHostNotFoundError: getaddrinfo ENOTFOUND mysql\n    at ConnectionManager.connect (/Users/abdisa.wake/Documents/NodeSchool/ums-etc/node_modules/sequelize/lib/dialects/mysql/connection-manager.js:96:17)\n    at process.processTicksAndRejections (node:internal/process/task_queues:105:5)\n    at async ConnectionManager._connect (/Users/abdisa.wake/Documents/NodeSchool/ums-etc/node_modules/sequelize/lib/dialects/abstract/connection-manager.js:222:24)\n    at async /Users/abdisa.wake/Documents/NodeSchool/ums-etc/node_modules/sequelize/lib/dialects/abstract/connection-manager.js:174:32\n    at async ConnectionManager.getConnection (/Users/abdisa.wake/Documents/NodeSchool/ums-etc/node_modules/sequelize/lib/dialects/abstract/connection-manager.js:197:7)\n    at async /Users/abdisa.wake/Documents/NodeSchool/ums-etc/node_modules/sequelize/lib/sequelize.js:305:26\n    at async Sequelize.authenticate (/Users/abdisa.wake/Documents/NodeSchool/ums-etc/node_modules/sequelize/lib/sequelize.js:457:5)","timestamp":"2025-10-09T05:10:28.005Z"}
{"level":"info","message":"✅ MySQL connected","timestamp":"2025-10-09T12:22:55.812Z"}
{"level":"info","message":"🚀 Server running on http://localhost:8080","timestamp":"2025-10-09T12:22:55.815Z"}
{"level":"info","message":"✅ MySQL connected","timestamp":"2025-10-09T12:23:21.806Z"}
{"level":"info","message":"🚀 Server running on http://localhost:8080","timestamp":"2025-10-09T12:23:21.811Z"}
{"level":"info","message":"✅ MySQL connected","timestamp":"2025-10-09T12:26:40.960Z"}
{"level":"info","message":"🚀 Server running on http://localhost:8080","timestamp":"2025-10-09T12:26:40.965Z"}
{"level":"info","message":"✅ MySQL connected","timestamp":"2025-10-09T12:26:42.878Z"}
{"level":"info","message":"🚀 Server running on http://localhost:8080","timestamp":"2025-10-09T12:26:42.881Z"}
{"level":"info","message":"✅ MySQL connected","timestamp":"2025-10-09T12:26:49.518Z"}
{"level":"info","message":"🚀 Server running on http://localhost:8080","timestamp":"2025-10-09T12:26:49.522Z"}
{"level":"info","message":"Regester request body: {\n  name: 'abeloo',\n  email: 'awwb@example.com',\n  password: '1234',\n  role: 'USER'\n} ","timestamp":"2025-10-09T12:26:52.488Z"}
{"level":"info","message":"UserService.register called: { email: 'awwb@example.com', role: 'USER' }","timestamp":"2025-10-09T12:26:52.489Z"}
{"level":"info","message":"New User created : {\n  id: '4dd59d4e-c574-4f8d-aa1f-fbf299b05fd7',\n  email: 'awwb@example.com'\n}","timestamp":"2025-10-09T12:26:52.583Z"}
{"level":"info","message":"User Registered successfully: {\n  id: '4dd59d4e-c574-4f8d-aa1f-fbf299b05fd7',\n  email: 'awwb@example.com'\n}","timestamp":"2025-10-09T12:26:52.583Z"}
{"level":"info","message":"✅ MySQL connected","timestamp":"2025-10-09T12:29:14.135Z"}
{"level":"info","message":"🚀 Server running on http://localhost:8080","timestamp":"2025-10-09T12:29:14.140Z"}
{"level":"info","message":"log in request body: { email: 'admin@example.com', password: 'admin123' } ","timestamp":"2025-10-10T09:25:00.954Z"}
{"level":"info","message":"LoginService called: { email: 'admin@example.com' }","timestamp":"2025-10-10T09:25:00.954Z"}
{"level":"error","message":"user login error: HostNotFoundError [SequelizeHostNotFoundError]: getaddrinfo ENOTFOUND mysql\n    at ConnectionManager.connect (/Users/abdisa.wake/Documents/NodeSchool/ums-etc/node_modules/sequelize/lib/dialects/mysql/connection-manager.js:96:17)\n    at process.processTicksAndRejections (node:internal/process/task_queues:105:5)\n    at async ConnectionManager._connect (/Users/abdisa.wake/Documents/NodeSchool/ums-etc/node_modules/sequelize/lib/dialects/abstract/connection-manager.js:222:24)\n    at async /Users/abdisa.wake/Documents/NodeSchool/ums-etc/node_modules/sequelize/lib/dialects/abstract/connection-manager.js:174:32\n    at async ConnectionManager.getConnection (/Users/abdisa.wake/Documents/NodeSchool/ums-etc/node_modules/sequelize/lib/dialects/abstract/connection-manager.js:197:7)\n    at async /Users/abdisa.wake/Documents/NodeSchool/ums-etc/node_modules/sequelize/lib/sequelize.js:305:26\n    at async MySQLQueryInterface.select (/Users/abdisa.wake/Documents/NodeSchool/ums-etc/node_modules/sequelize/lib/dialects/abstract/query-interface.js:407:12)\n    at async users.findAll (/Users/abdisa.wake/Documents/NodeSchool/ums-etc/node_modules/sequelize/lib/model.js:1140:21)\n    at async users.findOne (/Users/abdisa.wake/Documents/NodeSchool/ums-etc/node_modules/sequelize/lib/model.js:1240:12)\n    at async Object.findByEmail (file:///Users/abdisa.wake/Documents/NodeSchool/ums-etc/src/repositories/user.repository.js:26:24) {\n  [stack]: [Getter/Setter],\n  [message]: 'getaddrinfo ENOTFOUND mysql',\n  name: 'SequelizeHostNotFoundError',\n  parent: Error: getaddrinfo ENOTFOUND mysql\n      at GetAddrInfoReqWrap.onlookupall [as oncomplete] (node:dns:122:26) {\n    [stack]: [Getter/Setter],\n    [message]: 'getaddrinfo ENOTFOUND mysql',\n    errno: -3008,\n    code: 'ENOTFOUND',\n    syscall: 'getaddrinfo',\n    hostname: 'mysql',\n    fatal: true\n  },\n  original: Error: getaddrinfo ENOTFOUND mysql\n      at GetAddrInfoReqWrap.onlookupall [as oncomplete] (node:dns:122:26) {\n    [stack]: [Getter/Setter],\n    [message]: 'getaddrinfo ENOTFOUND mysql',\n    errno: -3008,\n    code: 'ENOTFOUND',\n    syscall: 'getaddrinfo',\n    hostname: 'mysql',\n    fatal: true\n  }\n}","timestamp":"2025-10-10T09:25:00.994Z"}
{"level":"info","message":"log in request body: { email: 'admin@example.com', password: 'admin123' } ","timestamp":"2025-10-10T09:25:03.877Z"}
{"level":"info","message":"LoginService called: { email: 'admin@example.com' }","timestamp":"2025-10-10T09:25:03.878Z"}
{"level":"error","message":"user login error: HostNotFoundError [SequelizeHostNotFoundError]: getaddrinfo ENOTFOUND mysql\n    at ConnectionManager.connect (/Users/abdisa.wake/Documents/NodeSchool/ums-etc/node_modules/sequelize/lib/dialects/mysql/connection-manager.js:96:17)\n    at process.processTicksAndRejections (node:internal/process/task_queues:105:5)\n    at async ConnectionManager._connect (/Users/abdisa.wake/Documents/NodeSchool/ums-etc/node_modules/sequelize/lib/dialects/abstract/connection-manager.js:222:24)\n    at async /Users/abdisa.wake/Documents/NodeSchool/ums-etc/node_modules/sequelize/lib/dialects/abstract/connection-manager.js:174:32\n    at async ConnectionManager.getConnection (/Users/abdisa.wake/Documents/NodeSchool/ums-etc/node_modules/sequelize/lib/dialects/abstract/connection-manager.js:197:7)\n    at async /Users/abdisa.wake/Documents/NodeSchool/ums-etc/node_modules/sequelize/lib/sequelize.js:305:26\n    at async MySQLQueryInterface.select (/Users/abdisa.wake/Documents/NodeSchool/ums-etc/node_modules/sequelize/lib/dialects/abstract/query-interface.js:407:12)\n    at async users.findAll (/Users/abdisa.wake/Documents/NodeSchool/ums-etc/node_modules/sequelize/lib/model.js:1140:21)\n    at async users.findOne (/Users/abdisa.wake/Documents/NodeSchool/ums-etc/node_modules/sequelize/lib/model.js:1240:12)\n    at async Object.findByEmail (file:///Users/abdisa.wake/Documents/NodeSchool/ums-etc/src/repositories/user.repository.js:26:24) {\n  [stack]: [Getter/Setter],\n  [message]: 'getaddrinfo ENOTFOUND mysql',\n  name: 'SequelizeHostNotFoundError',\n  parent: Error: getaddrinfo ENOTFOUND mysql\n      at GetAddrInfoReqWrap.onlookupall [as oncomplete] (node:dns:122:26) {\n    [stack]: [Getter/Setter],\n    [message]: 'getaddrinfo ENOTFOUND mysql',\n    errno: -3008,\n    code: 'ENOTFOUND',\n    syscall: 'getaddrinfo',\n    hostname: 'mysql',\n    fatal: true\n  },\n  original: Error: getaddrinfo ENOTFOUND mysql\n      at GetAddrInfoReqWrap.onlookupall [as oncomplete] (node:dns:122:26) {\n    [stack]: [Getter/Setter],\n    [message]: 'getaddrinfo ENOTFOUND mysql',\n    errno: -3008,\n    code: 'ENOTFOUND',\n    syscall: 'getaddrinfo',\n    hostname: 'mysql',\n    fatal: true\n  }\n}","timestamp":"2025-10-10T09:25:03.881Z"}
{"level":"info","message":"log in request body: { email: 'admin@example.com', password: 'admin123' } ","timestamp":"2025-10-10T09:29:00.495Z"}
{"level":"info","message":"LoginService called: { email: 'admin@example.com' }","timestamp":"2025-10-10T09:29:00.498Z"}
{"level":"info","message":"User login successfully: { name: 'Admin User' }","timestamp":"2025-10-10T09:29:00.587Z"}
{"level":"info","message":"log in request body: { email: 'admin@example.com', password: 'admin123' } ","timestamp":"2025-10-10T09:29:18.898Z"}
{"level":"info","message":"LoginService called: { email: 'admin@example.com' }","timestamp":"2025-10-10T09:29:18.899Z"}
{"level":"error","message":"user login error: ConnectionRefusedError [SequelizeConnectionRefusedError]\n    at ConnectionManager.connect (/Users/abdisa.wake/Documents/NodeSchool/ums-etc/node_modules/sequelize/lib/dialects/mysql/connection-manager.js:92:17)\n    at process.processTicksAndRejections (node:internal/process/task_queues:105:5)\n    at async ConnectionManager._connect (/Users/abdisa.wake/Documents/NodeSchool/ums-etc/node_modules/sequelize/lib/dialects/abstract/connection-manager.js:222:24) {\n  [stack]: [Getter/Setter],\n  [message]: '',\n  name: 'SequelizeConnectionRefusedError',\n  parent: AggregateError [ECONNREFUSED]: \n      at internalConnectMultiple (node:net:1134:18)\n      at afterConnectMultiple (node:net:1715:7) {\n    [stack]: [Getter/Setter],\n    [errors]: [\n      Error: connect ECONNREFUSED ::1:3306\n          at createConnectionError (node:net:1678:14)\n          at afterConnectMultiple (node:net:1708:16) {\n        [stack]: [Getter/Setter],\n        [message]: 'connect ECONNREFUSED ::1:3306',\n        errno: -61,\n        code: 'ECONNREFUSED',\n        syscall: 'connect',\n        address: '::1',\n        port: 3306\n      },\n      Error: connect ECONNREFUSED 127.0.0.1:3306\n          at createConnectionError (node:net:1678:14)\n          at afterConnectMultiple (node:net:1708:16) {\n        [stack]: [Getter/Setter],\n        [message]: 'connect ECONNREFUSED 127.0.0.1:3306',\n        errno: -61,\n        code: 'ECONNREFUSED',\n        syscall: 'connect',\n        address: '127.0.0.1',\n        port: 3306\n      },\n      [length]: 2\n    ],\n    code: 'ECONNREFUSED',\n    fatal: true,\n    [Symbol(kIsNodeError)]: [Getter]\n  },\n  original: AggregateError [ECONNREFUSED]: \n      at internalConnectMultiple (node:net:1134:18)\n      at afterConnectMultiple (node:net:1715:7) {\n    [stack]: [Getter/Setter],\n    [errors]: [\n      Error: connect ECONNREFUSED ::1:3306\n          at createConnectionError (node:net:1678:14)\n          at afterConnectMultiple (node:net:1708:16) {\n        [stack]: [Getter/Setter],\n        [message]: 'connect ECONNREFUSED ::1:3306',\n        errno: -61,\n        code: 'ECONNREFUSED',\n        syscall: 'connect',\n        address: '::1',\n        port: 3306\n      },\n      Error: connect ECONNREFUSED 127.0.0.1:3306\n          at createConnectionError (node:net:1678:14)\n          at afterConnectMultiple (node:net:1708:16) {\n        [stack]: [Getter/Setter],\n        [message]: 'connect ECONNREFUSED 127.0.0.1:3306',\n        errno: -61,\n        code: 'ECONNREFUSED',\n        syscall: 'connect',\n        address: '127.0.0.1',\n        port: 3306\n      },\n      [length]: 2\n    ],\n    code: 'ECONNREFUSED',\n    fatal: true,\n    [Symbol(kIsNodeError)]: [Getter]\n  }\n}","timestamp":"2025-10-10T09:29:18.902Z"}
{"level":"info","message":"log in request body: { email: 'admin@example.com', password: 'admin123' } ","timestamp":"2025-10-10T09:29:20.646Z"}
{"level":"info","message":"LoginService called: { email: 'admin@example.com' }","timestamp":"2025-10-10T09:29:20.647Z"}
{"level":"error","message":"user login error: ConnectionRefusedError [SequelizeConnectionRefusedError]\n    at ConnectionManager.connect (/Users/abdisa.wake/Documents/NodeSchool/ums-etc/node_modules/sequelize/lib/dialects/mysql/connection-manager.js:92:17)\n    at process.processTicksAndRejections (node:internal/process/task_queues:105:5)\n    at async ConnectionManager._connect (/Users/abdisa.wake/Documents/NodeSchool/ums-etc/node_modules/sequelize/lib/dialects/abstract/connection-manager.js:222:24) {\n  [stack]: [Getter/Setter],\n  [message]: '',\n  name: 'SequelizeConnectionRefusedError',\n  parent: AggregateError [ECONNREFUSED]: \n      at internalConnectMultiple (node:net:1134:18)\n      at afterConnectMultiple (node:net:1715:7) {\n    [stack]: [Getter/Setter],\n    [errors]: [\n      Error: connect ECONNREFUSED ::1:3306\n          at createConnectionError (node:net:1678:14)\n          at afterConnectMultiple (node:net:1708:16) {\n        [stack]: [Getter/Setter],\n        [message]: 'connect ECONNREFUSED ::1:3306',\n        errno: -61,\n        code: 'ECONNREFUSED',\n        syscall: 'connect',\n        address: '::1',\n        port: 3306\n      },\n      Error: connect ECONNREFUSED 127.0.0.1:3306\n          at createConnectionError (node:net:1678:14)\n          at afterConnectMultiple (node:net:1708:16) {\n        [stack]: [Getter/Setter],\n        [message]: 'connect ECONNREFUSED 127.0.0.1:3306',\n        errno: -61,\n        code: 'ECONNREFUSED',\n        syscall: 'connect',\n        address: '127.0.0.1',\n        port: 3306\n      },\n      [length]: 2\n    ],\n    code: 'ECONNREFUSED',\n    fatal: true,\n    [Symbol(kIsNodeError)]: [Getter]\n  },\n  original: AggregateError [ECONNREFUSED]: \n      at internalConnectMultiple (node:net:1134:18)\n      at afterConnectMultiple (node:net:1715:7) {\n    [stack]: [Getter/Setter],\n    [errors]: [\n      Error: connect ECONNREFUSED ::1:3306\n          at createConnectionError (node:net:1678:14)\n          at afterConnectMultiple (node:net:1708:16) {\n        [stack]: [Getter/Setter],\n        [message]: 'connect ECONNREFUSED ::1:3306',\n        errno: -61,\n        code: 'ECONNREFUSED',\n        syscall: 'connect',\n        address: '::1',\n        port: 3306\n      },\n      Error: connect ECONNREFUSED 127.0.0.1:3306\n          at createConnectionError (node:net:1678:14)\n          at afterConnectMultiple (node:net:1708:16) {\n        [stack]: [Getter/Setter],\n        [message]: 'connect ECONNREFUSED 127.0.0.1:3306',\n        errno: -61,\n        code: 'ECONNREFUSED',\n        syscall: 'connect',\n        address: '127.0.0.1',\n        port: 3306\n      },\n      [length]: 2\n    ],\n    code: 'ECONNREFUSED',\n    fatal: true,\n    [Symbol(kIsNodeError)]: [Getter]\n  }\n}","timestamp":"2025-10-10T09:29:20.650Z"}
{"level":"info","message":"log in request body: { email: 'admin@example.com', password: 'admin123' } ","timestamp":"2025-10-10T10:20:43.717Z"}
{"level":"info","message":"LoginService called: { email: 'admin@example.com' }","timestamp":"2025-10-10T10:20:43.722Z"}
{"level":"info","message":"User login successfully: { name: 'Admin User' }","timestamp":"2025-10-10T10:20:43.812Z"}
{"level":"info","message":"Regester request body: {\n  name: 'abeloo',\n  email: 'awwb@example.com',\n  password: '1234',\n  role: 'USER'\n} ","timestamp":"2025-10-10T10:56:12.472Z"}
{"level":"info","message":"UserService.register called: { email: 'awwb@example.com', role: 'USER' }","timestamp":"2025-10-10T10:56:12.479Z"}
{"level":"error","message":"Register error: ConnectionRefusedError [SequelizeConnectionRefusedError]\n    at ConnectionManager.connect (/Users/abdisa.wake/Documents/NodeSchool/ums-etc/node_modules/sequelize/lib/dialects/mysql/connection-manager.js:92:17)\n    at process.processTicksAndRejections (node:internal/process/task_queues:105:5)\n    at async ConnectionManager._connect (/Users/abdisa.wake/Documents/NodeSchool/ums-etc/node_modules/sequelize/lib/dialects/abstract/connection-manager.js:222:24)\n    at async /Users/abdisa.wake/Documents/NodeSchool/ums-etc/node_modules/sequelize/lib/dialects/abstract/connection-manager.js:174:32\n    at async ConnectionManager.getConnection (/Users/abdisa.wake/Documents/NodeSchool/ums-etc/node_modules/sequelize/lib/dialects/abstract/connection-manager.js:197:7)\n    at async /Users/abdisa.wake/Documents/NodeSchool/ums-etc/node_modules/sequelize/lib/sequelize.js:305:26\n    at async MySQLQueryInterface.select (/Users/abdisa.wake/Documents/NodeSchool/ums-etc/node_modules/sequelize/lib/dialects/abstract/query-interface.js:407:12)\n    at async users.findAll (/Users/abdisa.wake/Documents/NodeSchool/ums-etc/node_modules/sequelize/lib/model.js:1140:21)\n    at async users.findOne (/Users/abdisa.wake/Documents/NodeSchool/ums-etc/node_modules/sequelize/lib/model.js:1240:12)\n    at async Object.findByEmail (file:///Users/abdisa.wake/Documents/NodeSchool/ums-etc/src/repositories/user.repository.js:26:24) {\n  [stack]: [Getter/Setter],\n  [message]: '',\n  name: 'SequelizeConnectionRefusedError',\n  parent: AggregateError [ECONNREFUSED]: \n      at internalConnectMultiple (node:net:1134:18)\n      at afterConnectMultiple (node:net:1715:7) {\n    [stack]: [Getter/Setter],\n    [errors]: [\n      Error: connect ECONNREFUSED ::1:3306\n          at createConnectionError (node:net:1678:14)\n          at afterConnectMultiple (node:net:1708:16) {\n        [stack]: [Getter/Setter],\n        [message]: 'connect ECONNREFUSED ::1:3306',\n        errno: -61,\n        code: 'ECONNREFUSED',\n        syscall: 'connect',\n        address: '::1',\n        port: 3306\n      },\n      Error: connect ECONNREFUSED 127.0.0.1:3306\n          at createConnectionError (node:net:1678:14)\n          at afterConnectMultiple (node:net:1708:16) {\n        [stack]: [Getter/Setter],\n        [message]: 'connect ECONNREFUSED 127.0.0.1:3306',\n        errno: -61,\n        code: 'ECONNREFUSED',\n        syscall: 'connect',\n        address: '127.0.0.1',\n        port: 3306\n      },\n      [length]: 2\n    ],\n    code: 'ECONNREFUSED',\n    fatal: true,\n    [Symbol(kIsNodeError)]: [Getter]\n  },\n  original: AggregateError [ECONNREFUSED]: \n      at internalConnectMultiple (node:net:1134:18)\n      at afterConnectMultiple (node:net:1715:7) {\n    [stack]: [Getter/Setter],\n    [errors]: [\n      Error: connect ECONNREFUSED ::1:3306\n          at createConnectionError (node:net:1678:14)\n          at afterConnectMultiple (node:net:1708:16) {\n        [stack]: [Getter/Setter],\n        [message]: 'connect ECONNREFUSED ::1:3306',\n        errno: -61,\n        code: 'ECONNREFUSED',\n        syscall: 'connect',\n        address: '::1',\n        port: 3306\n      },\n      Error: connect ECONNREFUSED 127.0.0.1:3306\n          at createConnectionError (node:net:1678:14)\n          at afterConnectMultiple (node:net:1708:16) {\n        [stack]: [Getter/Setter],\n        [message]: 'connect ECONNREFUSED 127.0.0.1:3306',\n        errno: -61,\n        code: 'ECONNREFUSED',\n        syscall: 'connect',\n        address: '127.0.0.1',\n        port: 3306\n      },\n      [length]: 2\n    ],\n    code: 'ECONNREFUSED',\n    fatal: true,\n    [Symbol(kIsNodeError)]: [Getter]\n  }\n}","timestamp":"2025-10-10T10:56:12.489Z"}
{"level":"info","message":"Regester request body: {\n  name: 'abeloo',\n  email: 'ab@example.com',\n  password: '1234',\n  role: 'USER'\n} ","timestamp":"2025-10-10T10:57:36.485Z"}
{"level":"info","message":"UserService.register called: { email: 'ab@example.com', role: 'USER' }","timestamp":"2025-10-10T10:57:36.485Z"}
{"level":"error","message":"Register error: Error: Email already exists\n    at Object.register (file:///Users/abdisa.wake/Documents/NodeSchool/ums-etc/src/services/user.service.js:21:25)\n    at process.processTicksAndRejections (node:internal/process/task_queues:105:5)\n    at async register (file:///Users/abdisa.wake/Documents/NodeSchool/ums-etc/src/controlles/auth.controller.js:9:18) {\n  [stack]: [Getter/Setter],\n  [message]: 'Email already exists'\n}","timestamp":"2025-10-10T10:57:36.523Z"}
{"level":"info","message":"Regester request body: {\n  name: 'abeloo',\n  email: 'abuu@example.com',\n  password: '1234',\n  role: 'USER'\n} ","timestamp":"2025-10-10T10:57:42.179Z"}
{"level":"info","message":"UserService.register called: { email: 'abuu@example.com', role: 'USER' }","timestamp":"2025-10-10T10:57:42.180Z"}
{"level":"info","message":"New User created : {\n  id: '6add1aee-5fa9-4c02-8a34-e6015f09bc99',\n  email: 'abuu@example.com'\n}","timestamp":"2025-10-10T10:57:42.270Z"}
{"level":"info","message":"User Registered successfully: {\n  id: '6add1aee-5fa9-4c02-8a34-e6015f09bc99',\n  email: 'abuu@example.com'\n}","timestamp":"2025-10-10T10:57:42.270Z"}
{"level":"info","message":"log in request body: { email: 'abuu@example.com', password: '1234' } ","timestamp":"2025-10-10T10:57:55.668Z"}
{"level":"info","message":"LoginService called: { email: 'abuu@example.com' }","timestamp":"2025-10-10T10:57:55.669Z"}
{"level":"info","message":"User login successfully: { name: 'abeloo' }","timestamp":"2025-10-10T10:57:55.752Z"}
